This is pdfTeX, Version 3.141592653-2.6-1.40.22 (MiKTeX 21.6) (preloaded format=pdflatex 2023.1.12)  19 JAN 2023 19:52
entering extended mode
**./MetodePenelitian.tex
(MetodePenelitian.tex
LaTeX2e <2022-11-01> patch level 1
L3 programming layer <2022-12-17>
! Undefined control sequence.
l.1 \chapter
            {METODE PENELITIAN}
The control sequence at the end of the top line
of your error message was never \def'ed. If you have
misspelled it (e.g., `\hobx'), type `I' and the correct
spelling (e.g., `I\hbox'). Otherwise just continue,
and I'll forget about whatever was undefined.


! LaTeX Error: Missing \begin{document}.

See the LaTeX manual or LaTeX Companion for explanation.
Type  H <return>  for immediate help.
 ...                                              
                                                  
l.1 \chapter{M
              ETODE PENELITIAN}
You're in trouble here.  Try typing  <return>  to proceed.
If that doesn't work, type  X <return>  to quit.

Missing character: There is no M in font nullfont!
Missing character: There is no E in font nullfont!
Missing character: There is no T in font nullfont!
Missing character: There is no O in font nullfont!
Missing character: There is no D in font nullfont!
Missing character: There is no E in font nullfont!
Missing character: There is no P in font nullfont!
Missing character: There is no E in font nullfont!
Missing character: There is no N in font nullfont!
Missing character: There is no E in font nullfont!
Missing character: There is no L in font nullfont!
Missing character: There is no I in font nullfont!
Missing character: There is no T in font nullfont!
Missing character: There is no I in font nullfont!
Missing character: There is no A in font nullfont!
Missing character: There is no N in font nullfont!

Overfull \hbox (20.0pt too wide) in paragraph at lines 1--2
[]
 []

! Undefined control sequence.
l.3 \section
            {Jenis dan Rancangan Penelitian}
The control sequence at the end of the top line
of your error message was never \def'ed. If you have
misspelled it (e.g., `\hobx'), type `I' and the correct
spelling (e.g., `I\hbox'). Otherwise just continue,
and I'll forget about whatever was undefined.


! LaTeX Error: Missing \begin{document}.

See the LaTeX manual or LaTeX Companion for explanation.
Type  H <return>  for immediate help.
 ...                                              
                                                  
l.3 \section{J
              enis dan Rancangan Penelitian}
You're in trouble here.  Try typing  <return>  to proceed.
If that doesn't work, type  X <return>  to quit.

Missing character: There is no J in font nullfont!
Missing character: There is no e in font nullfont!
Missing character: There is no n in font nullfont!
Missing character: There is no i in font nullfont!
Missing character: There is no s in font nullfont!
Missing character: There is no d in font nullfont!
Missing character: There is no a in font nullfont!
Missing character: There is no n in font nullfont!
Missing character: There is no R in font nullfont!
Missing character: There is no a in font nullfont!
Missing character: There is no n in font nullfont!
Missing character: There is no c in font nullfont!
Missing character: There is no a in font nullfont!
Missing character: There is no n in font nullfont!
Missing character: There is no g in font nullfont!
Missing character: There is no a in font nullfont!
Missing character: There is no n in font nullfont!
Missing character: There is no P in font nullfont!
Missing character: There is no e in font nullfont!
Missing character: There is no n in font nullfont!
Missing character: There is no e in font nullfont!
Missing character: There is no l in font nullfont!
Missing character: There is no i in font nullfont!
Missing character: There is no t in font nullfont!
Missing character: There is no i in font nullfont!
Missing character: There is no a in font nullfont!
Missing character: There is no n in font nullfont!
Missing character: There is no A in font nullfont!
! Undefined control sequence.
l.5 \section
            {Lokasi Penelitian}
The control sequence at the end of the top line
of your error message was never \def'ed. If you have
misspelled it (e.g., `\hobx'), type `I' and the correct
spelling (e.g., `I\hbox'). Otherwise just continue,
and I'll forget about whatever was undefined.

Missing character: There is no L in font nullfont!
Missing character: There is no o in font nullfont!
Missing character: There is no k in font nullfont!
Missing character: There is no a in font nullfont!
Missing character: There is no s in font nullfont!
Missing character: There is no i in font nullfont!
Missing character: There is no P in font nullfont!
Missing character: There is no e in font nullfont!
Missing character: There is no n in font nullfont!
Missing character: There is no e in font nullfont!
Missing character: There is no l in font nullfont!
Missing character: There is no i in font nullfont!
Missing character: There is no t in font nullfont!
Missing character: There is no i in font nullfont!
Missing character: There is no a in font nullfont!
Missing character: There is no n in font nullfont!
Missing character: There is no B in font nullfont!
! Undefined control sequence.
l.7 \section
            {Populasi dan Sampel Penelitian}
The control sequence at the end of the top line
of your error message was never \def'ed. If you have
misspelled it (e.g., `\hobx'), type `I' and the correct
spelling (e.g., `I\hbox'). Otherwise just continue,
and I'll forget about whatever was undefined.

Missing character: There is no P in font nullfont!
Missing character: There is no o in font nullfont!
Missing character: There is no p in font nullfont!
Missing character: There is no u in font nullfont!
Missing character: There is no l in font nullfont!
Missing character: There is no a in font nullfont!
Missing character: There is no s in font nullfont!
Missing character: There is no i in font nullfont!
Missing character: There is no d in font nullfont!
Missing character: There is no a in font nullfont!
Missing character: There is no n in font nullfont!
Missing character: There is no S in font nullfont!
Missing character: There is no a in font nullfont!
Missing character: There is no m in font nullfont!
Missing character: There is no p in font nullfont!
Missing character: There is no e in font nullfont!
Missing character: There is no l in font nullfont!
Missing character: There is no P in font nullfont!
Missing character: There is no e in font nullfont!
Missing character: There is no n in font nullfont!
Missing character: There is no e in font nullfont!
Missing character: There is no l in font nullfont!
Missing character: There is no i in font nullfont!
Missing character: There is no t in font nullfont!
Missing character: There is no i in font nullfont!
Missing character: There is no a in font nullfont!
Missing character: There is no n in font nullfont!
Missing character: There is no C in font nullfont!
! Undefined control sequence.
l.9 \section
            {Variabel Penelitian}
The control sequence at the end of the top line
of your error message was never \def'ed. If you have
misspelled it (e.g., `\hobx'), type `I' and the correct
spelling (e.g., `I\hbox'). Otherwise just continue,
and I'll forget about whatever was undefined.

Missing character: There is no V in font nullfont!
Missing character: There is no a in font nullfont!
Missing character: There is no r in font nullfont!
Missing character: There is no i in font nullfont!
Missing character: There is no a in font nullfont!
Missing character: There is no b in font nullfont!
Missing character: There is no e in font nullfont!
Missing character: There is no l in font nullfont!
Missing character: There is no P in font nullfont!
Missing character: There is no e in font nullfont!
Missing character: There is no n in font nullfont!
Missing character: There is no e in font nullfont!
Missing character: There is no l in font nullfont!
Missing character: There is no i in font nullfont!
Missing character: There is no t in font nullfont!
Missing character: There is no i in font nullfont!
Missing character: There is no a in font nullfont!
Missing character: There is no n in font nullfont!
Missing character: There is no D in font nullfont!
! Undefined control sequence.
l.11 \section
             {Instrumen Penelitian}
The control sequence at the end of the top line
of your error message was never \def'ed. If you have
misspelled it (e.g., `\hobx'), type `I' and the correct
spelling (e.g., `I\hbox'). Otherwise just continue,
and I'll forget about whatever was undefined.

Missing character: There is no I in font nullfont!
Missing character: There is no n in font nullfont!
Missing character: There is no s in font nullfont!
Missing character: There is no t in font nullfont!
Missing character: There is no r in font nullfont!
Missing character: There is no u in font nullfont!
Missing character: There is no m in font nullfont!
Missing character: There is no e in font nullfont!
Missing character: There is no n in font nullfont!
Missing character: There is no P in font nullfont!
Missing character: There is no e in font nullfont!
Missing character: There is no n in font nullfont!
Missing character: There is no e in font nullfont!
Missing character: There is no l in font nullfont!
Missing character: There is no i in font nullfont!
Missing character: There is no t in font nullfont!
Missing character: There is no i in font nullfont!
Missing character: There is no a in font nullfont!
Missing character: There is no n in font nullfont!
Missing character: There is no E in font nullfont!
! Undefined control sequence.
l.13 \section
             {Teknik Pengumpulan Data}
The control sequence at the end of the top line
of your error message was never \def'ed. If you have
misspelled it (e.g., `\hobx'), type `I' and the correct
spelling (e.g., `I\hbox'). Otherwise just continue,
and I'll forget about whatever was undefined.

Missing character: There is no T in font nullfont!
Missing character: There is no e in font nullfont!
Missing character: There is no k in font nullfont!
Missing character: There is no n in font nullfont!
Missing character: There is no i in font nullfont!
Missing character: There is no k in font nullfont!
Missing character: There is no P in font nullfont!
Missing character: There is no e in font nullfont!
Missing character: There is no n in font nullfont!
Missing character: There is no g in font nullfont!
Missing character: There is no u in font nullfont!
Missing character: There is no m in font nullfont!
Missing character: There is no p in font nullfont!
Missing character: There is no u in font nullfont!
Missing character: There is no l in font nullfont!
Missing character: There is no a in font nullfont!
Missing character: There is no n in font nullfont!
Missing character: There is no D in font nullfont!
Missing character: There is no a in font nullfont!
Missing character: There is no t in font nullfont!
Missing character: There is no a in font nullfont!
Missing character: There is no F in font nullfont!
! Undefined control sequence.
l.15 \section
             {Teknik Analisis Data}
The control sequence at the end of the top line
of your error message was never \def'ed. If you have
misspelled it (e.g., `\hobx'), type `I' and the correct
spelling (e.g., `I\hbox'). Otherwise just continue,
and I'll forget about whatever was undefined.

Missing character: There is no T in font nullfont!
Missing character: There is no e in font nullfont!
Missing character: There is no k in font nullfont!
Missing character: There is no n in font nullfont!
Missing character: There is no i in font nullfont!
Missing character: There is no k in font nullfont!
Missing character: There is no A in font nullfont!
Missing character: There is no n in font nullfont!
Missing character: There is no a in font nullfont!
Missing character: There is no l in font nullfont!
Missing character: There is no i in font nullfont!
Missing character: There is no s in font nullfont!
Missing character: There is no i in font nullfont!
Missing character: There is no s in font nullfont!
Missing character: There is no D in font nullfont!
Missing character: There is no a in font nullfont!
Missing character: There is no t in font nullfont!
Missing character: There is no a in font nullfont!
Missing character: There is no G in font nullfont!
! Undefined control sequence.
l.17 \section
             {Rencana Pelaksanaan}
The control sequence at the end of the top line
of your error message was never \def'ed. If you have
misspelled it (e.g., `\hobx'), type `I' and the correct
spelling (e.g., `I\hbox'). Otherwise just continue,
and I'll forget about whatever was undefined.

Missing character: There is no R in font nullfont!
Missing character: There is no e in font nullfont!
Missing character: There is no n in font nullfont!
Missing character: There is no c in font nullfont!
Missing character: There is no a in font nullfont!
Missing character: There is no n in font nullfont!
Missing character: There is no a in font nullfont!
Missing character: There is no P in font nullfont!
Missing character: There is no e in font nullfont!
Missing character: There is no l in font nullfont!
Missing character: There is no a in font nullfont!
Missing character: There is no k in font nullfont!
Missing character: There is no s in font nullfont!
Missing character: There is no a in font nullfont!
Missing character: There is no n in font nullfont!
Missing character: There is no a in font nullfont!
Missing character: There is no a in font nullfont!
Missing character: There is no n in font nullfont!
Missing character: There is no K in font nullfont!
Missing character: There is no e in font nullfont!
Missing character: There is no g in font nullfont!
Missing character: There is no i in font nullfont!
Missing character: There is no a in font nullfont!
Missing character: There is no t in font nullfont!
Missing character: There is no a in font nullfont!
Missing character: There is no n in font nullfont!
Missing character: There is no p in font nullfont!
Missing character: There is no e in font nullfont!
Missing character: There is no n in font nullfont!
Missing character: There is no e in font nullfont!
Missing character: There is no l in font nullfont!
Missing character: There is no i in font nullfont!
Missing character: There is no t in font nullfont!
Missing character: There is no i in font nullfont!
Missing character: There is no a in font nullfont!
Missing character: There is no n in font nullfont!
Missing character: There is no i in font nullfont!
Missing character: There is no n in font nullfont!
Missing character: There is no i in font nullfont!
Missing character: There is no a in font nullfont!
Missing character: There is no k in font nullfont!
Missing character: There is no a in font nullfont!
Missing character: There is no n in font nullfont!
Missing character: There is no m in font nullfont!
Missing character: There is no e in font nullfont!
Missing character: There is no n in font nullfont!
Missing character: There is no g in font nullfont!
Missing character: There is no i in font nullfont!
Missing character: There is no k in font nullfont!
Missing character: There is no u in font nullfont!
Missing character: There is no t in font nullfont!
Missing character: There is no i in font nullfont!
Missing character: There is no j in font nullfont!
Missing character: There is no a in font nullfont!
Missing character: There is no d in font nullfont!
Missing character: There is no w in font nullfont!
Missing character: There is no a in font nullfont!
Missing character: There is no l in font nullfont!
Missing character: There is no y in font nullfont!
Missing character: There is no a in font nullfont!
Missing character: There is no n in font nullfont!
Missing character: There is no g in font nullfont!
Missing character: There is no t in font nullfont!
Missing character: There is no e in font nullfont!
Missing character: There is no l in font nullfont!
Missing character: There is no a in font nullfont!
Missing character: There is no h in font nullfont!
Missing character: There is no d in font nullfont!
Missing character: There is no i in font nullfont!
Missing character: There is no s in font nullfont!
Missing character: There is no u in font nullfont!
Missing character: There is no s in font nullfont!
Missing character: There is no u in font nullfont!
Missing character: There is no n in font nullfont!
Missing character: There is no p in font nullfont!
Missing character: There is no a in font nullfont!
Missing character: There is no d in font nullfont!
Missing character: There is no a in font nullfont!
! Undefined control sequence.
<write> ...erence `Tab:Kegiatan' on page \thepage 
                                                  \space undefined\on@line .^^J
l.18 ...yang telah disusun pada~\ref{Tab:Kegiatan}
                                                   berikut.
The control sequence at the end of the top line
of your error message was never \def'ed. If you have
misspelled it (e.g., `\hobx'), type `I' and the correct
spelling (e.g., `I\hbox'). Otherwise just continue,
and I'll forget about whatever was undefined.


LaTeX Warning: Reference `Tab:Kegiatan' on page  undefined on input line 18.

Missing character: There is no b in font nullfont!
Missing character: There is no e in font nullfont!
Missing character: There is no r in font nullfont!
Missing character: There is no i in font nullfont!
Missing character: There is no k in font nullfont!
Missing character: There is no u in font nullfont!
Missing character: There is no t in font nullfont!
Missing character: There is no . in font nullfont!

Overfull \hbox (20.0pt too wide) in paragraph at lines 3--19
[]
 []


Overfull \hbox (10.86105pt too wide) in paragraph at lines 3--19
[]
 []


! LaTeX Error: Environment table undefined.

See the LaTeX manual or LaTeX Companion for explanation.
Type  H <return>  for immediate help.
 ...                                              
                                                  
l.20 \begin{table}
                  [h!]
Your command was ignored.
Type  I <command> <return>  to replace it with another command,
or  <return>  to continue without it.


! LaTeX Error: Missing \begin{document}.

See the LaTeX manual or LaTeX Companion for explanation.
Type  H <return>  for immediate help.
 ...                                              
                                                  
l.20 \begin{table}[
                   h!]
You're in trouble here.  Try typing  <return>  to proceed.
If that doesn't work, type  X <return>  to quit.

Missing character: There is no [ in font nullfont!
Missing character: There is no h in font nullfont!
Missing character: There is no ! in font nullfont!
Missing character: There is no ] in font nullfont!
LaTeX Font Info:    External font `cmex10' loaded for size
(Font)              <7> on input line 22.
LaTeX Font Info:    External font `cmex10' loaded for size
(Font)              <5> on input line 22.
Missing character: There is no I in font nullfont!
Missing character: There is no I in font nullfont!
Missing character: There is no I in font nullfont!
Missing character: There is no I in font nullfont!
Missing character: There is no I in font nullfont!
Missing character: There is no I in font nullfont!
Missing character: There is no I in font nullfont!
Missing character: There is no V in font nullfont!
! Undefined control sequence.
\@sharp ->\multirow 
                    {-2}{*}{Kegiatan}
l.25 ...column{1}{|c|}{\multirow{-2}{*}{Kegiatan}}
                                                   & \multicolumn{1}{c|}{1} ...
The control sequence at the end of the top line
of your error message was never \def'ed. If you have
misspelled it (e.g., `\hobx'), type `I' and the correct
spelling (e.g., `I\hbox'). Otherwise just continue,
and I'll forget about whatever was undefined.

Missing character: There is no - in font nullfont!
Missing character: There is no 2 in font nullfont!
Missing character: There is no * in font nullfont!
Missing character: There is no K in font nullfont!
Missing character: There is no e in font nullfont!
Missing character: There is no g in font nullfont!
Missing character: There is no i in font nullfont!
Missing character: There is no a in font nullfont!
Missing character: There is no t in font nullfont!
Missing character: There is no a in font nullfont!
Missing character: There is no n in font nullfont!
Missing character: There is no 1 in font nullfont!
Missing character: There is no 2 in font nullfont!
Missing character: There is no 3 in font nullfont!
Missing character: There is no 4 in font nullfont!
Missing character: There is no 1 in font nullfont!
Missing character: There is no 2 in font nullfont!
Missing character: There is no 3 in font nullfont!
Missing character: There is no 4 in font nullfont!
Missing character: There is no 1 in font nullfont!
Missing character: There is no 2 in font nullfont!
Missing character: There is no 3 in font nullfont!
Missing character: There is no 4 in font nullfont!
Missing character: There is no 1 in font nullfont!
Missing character: There is no 2 in font nullfont!
Missing character: There is no 3 in font nullfont!
Missing character: There is no 4 in font nullfont!
Missing character: There is no S in font nullfont!
Missing character: There is no t in font nullfont!
Missing character: There is no u in font nullfont!
Missing character: There is no d in font nullfont!
Missing character: There is no i in font nullfont!
Missing character: There is no L in font nullfont!
Missing character: There is no i in font nullfont!
Missing character: There is no t in font nullfont!
Missing character: There is no e in font nullfont!
Missing character: There is no r in font nullfont!
Missing character: There is no a in font nullfont!
Missing character: There is no t in font nullfont!
Missing character: There is no u in font nullfont!
Missing character: There is no r in font nullfont!
! Undefined control sequence.
\@sharp ->\cellcolor 
                     [HTML]{9B9B9B}
l.26 ...lticolumn{1}{c|}{\cellcolor[HTML]{9B9B9B}}
                                                   & \multicolumn{1}{c|}{\ce...
The control sequence at the end of the top line
of your error message was never \def'ed. If you have
misspelled it (e.g., `\hobx'), type `I' and the correct
spelling (e.g., `I\hbox'). Otherwise just continue,
and I'll forget about whatever was undefined.

Missing character: There is no [ in font nullfont!
Missing character: There is no H in font nullfont!
Missing character: There is no T in font nullfont!
Missing character: There is no M in font nullfont!
Missing character: There is no L in font nullfont!
Missing character: There is no ] in font nullfont!
Missing character: There is no 9 in font nullfont!
Missing character: There is no B in font nullfont!
Missing character: There is no 9 in font nullfont!
Missing character: There is no B in font nullfont!
Missing character: There is no 9 in font nullfont!
Missing character: There is no B in font nullfont!
! Undefined control sequence.
\@sharp ->\cellcolor 
                     [HTML]{9B9B9B}
l.26 ...lticolumn{1}{c|}{\cellcolor[HTML]{9B9B9B}}
                                                   & \multicolumn{1}{c|}{}  ...
The control sequence at the end of the top line
of your error message was never \def'ed. If you have
misspelled it (e.g., `\hobx'), type `I' and the correct
spelling (e.g., `I\hbox'). Otherwise just continue,
and I'll forget about whatever was undefined.

Missing character: There is no [ in font nullfont!
Missing character: There is no H in font nullfont!
Missing character: There is no T in font nullfont!
Missing character: There is no M in font nullfont!
Missing character: There is no L in font nullfont!
Missing character: There is no ] in font nullfont!
Missing character: There is no 9 in font nullfont!
Missing character: There is no B in font nullfont!
Missing character: There is no 9 in font nullfont!
Missing character: There is no B in font nullfont!
Missing character: There is no 9 in font nullfont!
Missing character: There is no B in font nullfont!
Missing character: There is no P in font nullfont!
Missing character: There is no e in font nullfont!
Missing character: There is no n in font nullfont!
Missing character: There is no g in font nullfont!
Missing character: There is no a in font nullfont!
Missing character: There is no m in font nullfont!
Missing character: There is no b in font nullfont!
Missing character: There is no i in font nullfont!
Missing character: There is no l in font nullfont!
Missing character: There is no a in font nullfont!
Missing character: There is no n in font nullfont!
Missing character: There is no D in font nullfont!
Missing character: There is no a in font nullfont!
Missing character: There is no t in font nullfont!
Missing character: There is no a in font nullfont!
! Undefined control sequence.
\@sharp ->\cellcolor 
                     [HTML]{9B9B9B}
l.27 ...lticolumn{1}{c|}{\cellcolor[HTML]{9B9B9B}}
                                                   & \multicolumn{1}{c|}{\ce...
The control sequence at the end of the top line
of your error message was never \def'ed. If you have
misspelled it (e.g., `\hobx'), type `I' and the correct
spelling (e.g., `I\hbox'). Otherwise just continue,
and I'll forget about whatever was undefined.

Missing character: There is no [ in font nullfont!
Missing character: There is no H in font nullfont!
Missing character: There is no T in font nullfont!
Missing character: There is no M in font nullfont!
Missing character: There is no L in font nullfont!
Missing character: There is no ] in font nullfont!
Missing character: There is no 9 in font nullfont!
Missing character: There is no B in font nullfont!
Missing character: There is no 9 in font nullfont!
Missing character: There is no B in font nullfont!
Missing character: There is no 9 in font nullfont!
Missing character: There is no B in font nullfont!
! Undefined control sequence.
\@sharp ->\cellcolor 
                     [HTML]{9B9B9B}
l.27 ...lticolumn{1}{c|}{\cellcolor[HTML]{9B9B9B}}
                                                   & \multicolumn{1}{c|}{\ce...
The control sequence at the end of the top line
of your error message was never \def'ed. If you have
misspelled it (e.g., `\hobx'), type `I' and the correct
spelling (e.g., `I\hbox'). Otherwise just continue,
and I'll forget about whatever was undefined.

Missing character: There is no [ in font nullfont!
Missing character: There is no H in font nullfont!
Missing character: There is no T in font nullfont!
Missing character: There is no M in font nullfont!
Missing character: There is no L in font nullfont!
Missing character: There is no ] in font nullfont!
Missing character: There is no 9 in font nullfont!
Missing character: There is no B in font nullfont!
Missing character: There is no 9 in font nullfont!
Missing character: There is no B in font nullfont!
Missing character: There is no 9 in font nullfont!
Missing character: There is no B in font nullfont!
! Undefined control sequence.
\@sharp ->\cellcolor 
                     [HTML]{9B9B9B}
l.27 ...lticolumn{1}{c|}{\cellcolor[HTML]{9B9B9B}}
                                                   & \multicolumn{1}{c|}{\ce...
The control sequence at the end of the top line
of your error message was never \def'ed. If you have
misspelled it (e.g., `\hobx'), type `I' and the correct
spelling (e.g., `I\hbox'). Otherwise just continue,
and I'll forget about whatever was undefined.

Missing character: There is no [ in font nullfont!
Missing character: There is no H in font nullfont!
Missing character: There is no T in font nullfont!
Missing character: There is no M in font nullfont!
Missing character: There is no L in font nullfont!
Missing character: There is no ] in font nullfont!
Missing character: There is no 9 in font nullfont!
Missing character: There is no B in font nullfont!
Missing character: There is no 9 in font nullfont!
Missing character: There is no B in font nullfont!
Missing character: There is no 9 in font nullfont!
Missing character: There is no B in font nullfont!
! Undefined control sequence.
\@sharp ->\cellcolor 
                     [HTML]{9B9B9B}
l.27 ...lticolumn{1}{c|}{\cellcolor[HTML]{9B9B9B}}
                                                   & \multicolumn{1}{c|}{}  ...
The control sequence at the end of the top line
of your error message was never \def'ed. If you have
misspelled it (e.g., `\hobx'), type `I' and the correct
spelling (e.g., `I\hbox'). Otherwise just continue,
and I'll forget about whatever was undefined.

Missing character: There is no [ in font nullfont!
Missing character: There is no H in font nullfont!
Missing character: There is no T in font nullfont!
Missing character: There is no M in font nullfont!
Missing character: There is no L in font nullfont!
Missing character: There is no ] in font nullfont!
Missing character: There is no 9 in font nullfont!
Missing character: There is no B in font nullfont!
Missing character: There is no 9 in font nullfont!
Missing character: There is no B in font nullfont!
Missing character: There is no 9 in font nullfont!
Missing character: There is no B in font nullfont!
Missing character: There is no P in font nullfont!
Missing character: There is no e in font nullfont!
Missing character: There is no n in font nullfont!
Missing character: There is no g in font nullfont!
Missing character: There is no o in font nullfont!
Missing character: There is no l in font nullfont!
Missing character: There is no a in font nullfont!
Missing character: There is no h in font nullfont!
Missing character: There is no a in font nullfont!
Missing character: There is no n in font nullfont!
Missing character: There is no D in font nullfont!
Missing character: There is no a in font nullfont!
Missing character: There is no t in font nullfont!
Missing character: There is no a in font nullfont!
! Undefined control sequence.
\@sharp ->\cellcolor 
                     [HTML]{9B9B9B}
l.28 ...lticolumn{1}{l|}{\cellcolor[HTML]{9B9B9B}}
                                                   & \multicolumn{1}{l|}{\ce...
The control sequence at the end of the top line
of your error message was never \def'ed. If you have
misspelled it (e.g., `\hobx'), type `I' and the correct
spelling (e.g., `I\hbox'). Otherwise just continue,
and I'll forget about whatever was undefined.

Missing character: There is no [ in font nullfont!
Missing character: There is no H in font nullfont!
Missing character: There is no T in font nullfont!
Missing character: There is no M in font nullfont!
Missing character: There is no L in font nullfont!
Missing character: There is no ] in font nullfont!
Missing character: There is no 9 in font nullfont!
Missing character: There is no B in font nullfont!
Missing character: There is no 9 in font nullfont!
Missing character: There is no B in font nullfont!
Missing character: There is no 9 in font nullfont!
Missing character: There is no B in font nullfont!
! Undefined control sequence.
\@sharp ->\cellcolor 
                     [HTML]{9B9B9B}
l.28 ...lticolumn{1}{l|}{\cellcolor[HTML]{9B9B9B}}
                                                   & \cellcolor[HTML]{9B9B9B...
The control sequence at the end of the top line
of your error message was never \def'ed. If you have
misspelled it (e.g., `\hobx'), type `I' and the correct
spelling (e.g., `I\hbox'). Otherwise just continue,
and I'll forget about whatever was undefined.

Missing character: There is no [ in font nullfont!
Missing character: There is no H in font nullfont!
Missing character: There is no T in font nullfont!
Missing character: There is no M in font nullfont!
Missing character: There is no L in font nullfont!
Missing character: There is no ] in font nullfont!
Missing character: There is no 9 in font nullfont!
Missing character: There is no B in font nullfont!
Missing character: There is no 9 in font nullfont!
Missing character: There is no B in font nullfont!
Missing character: There is no 9 in font nullfont!
Missing character: There is no B in font nullfont!
! Undefined control sequence.
l.28 ...l|}{\cellcolor[HTML]{9B9B9B}} & \cellcolor
                                                  [HTML]{9B9B9B} & \multicol...
The control sequence at the end of the top line
of your error message was never \def'ed. If you have
misspelled it (e.g., `\hobx'), type `I' and the correct
spelling (e.g., `I\hbox'). Otherwise just continue,
and I'll forget about whatever was undefined.

Missing character: There is no [ in font nullfont!
Missing character: There is no H in font nullfont!
Missing character: There is no T in font nullfont!
Missing character: There is no M in font nullfont!
Missing character: There is no L in font nullfont!
Missing character: There is no ] in font nullfont!
Missing character: There is no 9 in font nullfont!
Missing character: There is no B in font nullfont!
Missing character: There is no 9 in font nullfont!
Missing character: There is no B in font nullfont!
Missing character: There is no 9 in font nullfont!
Missing character: There is no B in font nullfont!
! Undefined control sequence.
\@sharp ->\cellcolor 
                     [HTML]{9B9B9B}
l.28 ...lticolumn{1}{l|}{\cellcolor[HTML]{9B9B9B}}
                                                   & \multicolumn{1}{l|}{}  ...
The control sequence at the end of the top line
of your error message was never \def'ed. If you have
misspelled it (e.g., `\hobx'), type `I' and the correct
spelling (e.g., `I\hbox'). Otherwise just continue,
and I'll forget about whatever was undefined.

Missing character: There is no [ in font nullfont!
Missing character: There is no H in font nullfont!
Missing character: There is no T in font nullfont!
Missing character: There is no M in font nullfont!
Missing character: There is no L in font nullfont!
Missing character: There is no ] in font nullfont!
Missing character: There is no 9 in font nullfont!
Missing character: There is no B in font nullfont!
Missing character: There is no 9 in font nullfont!
Missing character: There is no B in font nullfont!
Missing character: There is no 9 in font nullfont!
Missing character: There is no B in font nullfont!
Missing character: There is no A in font nullfont!
Missing character: There is no n in font nullfont!
Missing character: There is no a in font nullfont!
Missing character: There is no l in font nullfont!
Missing character: There is no i in font nullfont!
Missing character: There is no s in font nullfont!
Missing character: There is no i in font nullfont!
Missing character: There is no s in font nullfont!
Missing character: There is no D in font nullfont!
Missing character: There is no a in font nullfont!
Missing character: There is no t in font nullfont!
Missing character: There is no a in font nullfont!
! Undefined control sequence.
\@sharp ->\cellcolor 
                     [HTML]{9B9B9B}
l.29 ...lticolumn{1}{l|}{\cellcolor[HTML]{9B9B9B}}
                                                   & \multicolumn{1}{l|}{\ce...
The control sequence at the end of the top line
of your error message was never \def'ed. If you have
misspelled it (e.g., `\hobx'), type `I' and the correct
spelling (e.g., `I\hbox'). Otherwise just continue,
and I'll forget about whatever was undefined.

Missing character: There is no [ in font nullfont!
Missing character: There is no H in font nullfont!
Missing character: There is no T in font nullfont!
Missing character: There is no M in font nullfont!
Missing character: There is no L in font nullfont!
Missing character: There is no ] in font nullfont!
Missing character: There is no 9 in font nullfont!
Missing character: There is no B in font nullfont!
Missing character: There is no 9 in font nullfont!
Missing character: There is no B in font nullfont!
Missing character: There is no 9 in font nullfont!
Missing character: There is no B in font nullfont!
! Undefined control sequence.
\@sharp ->\cellcolor 
                     [HTML]{9B9B9B}
l.29 ...lticolumn{1}{l|}{\cellcolor[HTML]{9B9B9B}}
                                                   & \multicolumn{1}{l|}{\ce...
The control sequence at the end of the top line
of your error message was never \def'ed. If you have
misspelled it (e.g., `\hobx'), type `I' and the correct
spelling (e.g., `I\hbox'). Otherwise just continue,
and I'll forget about whatever was undefined.

Missing character: There is no [ in font nullfont!
Missing character: There is no H in font nullfont!
Missing character: There is no T in font nullfont!
Missing character: There is no M in font nullfont!
Missing character: There is no L in font nullfont!
Missing character: There is no ] in font nullfont!
Missing character: There is no 9 in font nullfont!
Missing character: There is no B in font nullfont!
Missing character: There is no 9 in font nullfont!
Missing character: There is no B in font nullfont!
Missing character: There is no 9 in font nullfont!
Missing character: There is no B in font nullfont!
! Undefined control sequence.
\@sharp ->\cellcolor 
                     [HTML]{9B9B9B}
l.29 ...lticolumn{1}{l|}{\cellcolor[HTML]{9B9B9B}}
                                                   & \cellcolor[HTML]{9B9B9B...
The control sequence at the end of the top line
of your error message was never \def'ed. If you have
misspelled it (e.g., `\hobx'), type `I' and the correct
spelling (e.g., `I\hbox'). Otherwise just continue,
and I'll forget about whatever was undefined.

Missing character: There is no [ in font nullfont!
Missing character: There is no H in font nullfont!
Missing character: There is no T in font nullfont!
Missing character: There is no M in font nullfont!
Missing character: There is no L in font nullfont!
Missing character: There is no ] in font nullfont!
Missing character: There is no 9 in font nullfont!
Missing character: There is no B in font nullfont!
Missing character: There is no 9 in font nullfont!
Missing character: There is no B in font nullfont!
Missing character: There is no 9 in font nullfont!
Missing character: There is no B in font nullfont!
! Undefined control sequence.
l.29 ...l|}{\cellcolor[HTML]{9B9B9B}} & \cellcolor
                                                  [HTML]{9B9B9B} & \multicol...
The control sequence at the end of the top line
of your error message was never \def'ed. If you have
misspelled it (e.g., `\hobx'), type `I' and the correct
spelling (e.g., `I\hbox'). Otherwise just continue,
and I'll forget about whatever was undefined.

Missing character: There is no [ in font nullfont!
Missing character: There is no H in font nullfont!
Missing character: There is no T in font nullfont!
Missing character: There is no M in font nullfont!
Missing character: There is no L in font nullfont!
Missing character: There is no ] in font nullfont!
Missing character: There is no 9 in font nullfont!
Missing character: There is no B in font nullfont!
Missing character: There is no 9 in font nullfont!
Missing character: There is no B in font nullfont!
Missing character: There is no 9 in font nullfont!
Missing character: There is no B in font nullfont!
Missing character: There is no P in font nullfont!
Missing character: There is no e in font nullfont!
Missing character: There is no n in font nullfont!
Missing character: There is no a in font nullfont!
Missing character: There is no r in font nullfont!
Missing character: There is no i in font nullfont!
Missing character: There is no k in font nullfont!
Missing character: There is no a in font nullfont!
Missing character: There is no n in font nullfont!
Missing character: There is no K in font nullfont!
Missing character: There is no e in font nullfont!
Missing character: There is no s in font nullfont!
Missing character: There is no i in font nullfont!
Missing character: There is no m in font nullfont!
Missing character: There is no p in font nullfont!
Missing character: There is no u in font nullfont!
Missing character: There is no l in font nullfont!
Missing character: There is no a in font nullfont!
Missing character: There is no n in font nullfont!
! Undefined control sequence.
l.30 ...l|}{}                         & \cellcolor
                                                  [HTML]{9B9B9B} & \multicol...
The control sequence at the end of the top line
of your error message was never \def'ed. If you have
misspelled it (e.g., `\hobx'), type `I' and the correct
spelling (e.g., `I\hbox'). Otherwise just continue,
and I'll forget about whatever was undefined.

Missing character: There is no [ in font nullfont!
Missing character: There is no H in font nullfont!
Missing character: There is no T in font nullfont!
Missing character: There is no M in font nullfont!
Missing character: There is no L in font nullfont!
Missing character: There is no ] in font nullfont!
Missing character: There is no 9 in font nullfont!
Missing character: There is no B in font nullfont!
Missing character: There is no 9 in font nullfont!
Missing character: There is no B in font nullfont!
Missing character: There is no 9 in font nullfont!
Missing character: There is no B in font nullfont!
! Undefined control sequence.
\@sharp ->\cellcolor 
                     [HTML]{9B9B9B}
l.30 ...lticolumn{1}{l|}{\cellcolor[HTML]{9B9B9B}}
                                                   & \multicolumn{1}{l|}{\ce...
The control sequence at the end of the top line
of your error message was never \def'ed. If you have
misspelled it (e.g., `\hobx'), type `I' and the correct
spelling (e.g., `I\hbox'). Otherwise just continue,
and I'll forget about whatever was undefined.

Missing character: There is no [ in font nullfont!
Missing character: There is no H in font nullfont!
Missing character: There is no T in font nullfont!
Missing character: There is no M in font nullfont!
Missing character: There is no L in font nullfont!
Missing character: There is no ] in font nullfont!
Missing character: There is no 9 in font nullfont!
Missing character: There is no B in font nullfont!
Missing character: There is no 9 in font nullfont!
Missing character: There is no B in font nullfont!
Missing character: There is no 9 in font nullfont!
Missing character: There is no B in font nullfont!
! Undefined control sequence.
\@sharp ->\cellcolor 
                     [HTML]{9B9B9B}
l.30 ...lticolumn{1}{l|}{\cellcolor[HTML]{9B9B9B}}
                                                   & \multicolumn{1}{l|}{}  ...
The control sequence at the end of the top line
of your error message was never \def'ed. If you have
misspelled it (e.g., `\hobx'), type `I' and the correct
spelling (e.g., `I\hbox'). Otherwise just continue,
and I'll forget about whatever was undefined.

Missing character: There is no [ in font nullfont!
Missing character: There is no H in font nullfont!
Missing character: There is no T in font nullfont!
Missing character: There is no M in font nullfont!
Missing character: There is no L in font nullfont!
Missing character: There is no ] in font nullfont!
Missing character: There is no 9 in font nullfont!
Missing character: There is no B in font nullfont!
Missing character: There is no 9 in font nullfont!
Missing character: There is no B in font nullfont!
Missing character: There is no 9 in font nullfont!
Missing character: There is no B in font nullfont!
Missing character: There is no P in font nullfont!
Missing character: There is no e in font nullfont!
Missing character: There is no n in font nullfont!
Missing character: There is no u in font nullfont!
Missing character: There is no l in font nullfont!
Missing character: There is no i in font nullfont!
Missing character: There is no s in font nullfont!
Missing character: There is no a in font nullfont!
Missing character: There is no n in font nullfont!
Missing character: There is no S in font nullfont!
Missing character: There is no k in font nullfont!
Missing character: There is no r in font nullfont!
Missing character: There is no i in font nullfont!
Missing character: There is no p in font nullfont!
Missing character: There is no s in font nullfont!
Missing character: There is no i in font nullfont!
! Undefined control sequence.
l.31 ...l|}{}                         & \cellcolor
                                                  [HTML]{9B9B9B} & \multicol...
The control sequence at the end of the top line
of your error message was never \def'ed. If you have
misspelled it (e.g., `\hobx'), type `I' and the correct
spelling (e.g., `I\hbox'). Otherwise just continue,
and I'll forget about whatever was undefined.

Missing character: There is no [ in font nullfont!
Missing character: There is no H in font nullfont!
Missing character: There is no T in font nullfont!
Missing character: There is no M in font nullfont!
Missing character: There is no L in font nullfont!
Missing character: There is no ] in font nullfont!
Missing character: There is no 9 in font nullfont!
Missing character: There is no B in font nullfont!
Missing character: There is no 9 in font nullfont!
Missing character: There is no B in font nullfont!
Missing character: There is no 9 in font nullfont!
Missing character: There is no B in font nullfont!
! Undefined control sequence.
\@sharp ->\cellcolor 
                     [HTML]{9B9B9B}
l.31 ...lticolumn{1}{l|}{\cellcolor[HTML]{9B9B9B}}
                                                   & \multicolumn{1}{l|}{\ce...
The control sequence at the end of the top line
of your error message was never \def'ed. If you have
misspelled it (e.g., `\hobx'), type `I' and the correct
spelling (e.g., `I\hbox'). Otherwise just continue,
and I'll forget about whatever was undefined.

Missing character: There is no [ in font nullfont!
Missing character: There is no H in font nullfont!
Missing character: There is no T in font nullfont!
Missing character: There is no M in font nullfont!
Missing character: There is no L in font nullfont!
Missing character: There is no ] in font nullfont!
Missing character: There is no 9 in font nullfont!
Missing character: There is no B in font nullfont!
Missing character: There is no 9 in font nullfont!
Missing character: There is no B in font nullfont!
Missing character: There is no 9 in font nullfont!
Missing character: There is no B in font nullfont!
! Undefined control sequence.
\@sharp ->\cellcolor 
                     [HTML]{9B9B9B}
l.31 ...lticolumn{1}{l|}{\cellcolor[HTML]{9B9B9B}}
                                                   & \multicolumn{1}{l|}{\ce...
The control sequence at the end of the top line
of your error message was never \def'ed. If you have
misspelled it (e.g., `\hobx'), type `I' and the correct
spelling (e.g., `I\hbox'). Otherwise just continue,
and I'll forget about whatever was undefined.

Missing character: There is no [ in font nullfont!
Missing character: There is no H in font nullfont!
Missing character: There is no T in font nullfont!
Missing character: There is no M in font nullfont!
Missing character: There is no L in font nullfont!
Missing character: There is no ] in font nullfont!
Missing character: There is no 9 in font nullfont!
Missing character: There is no B in font nullfont!
Missing character: There is no 9 in font nullfont!
Missing character: There is no B in font nullfont!
Missing character: There is no 9 in font nullfont!
Missing character: There is no B in font nullfont!
! Undefined control sequence.
\@sharp ->\cellcolor 
                     [HTML]{9B9B9B}
l.31 ...lticolumn{1}{l|}{\cellcolor[HTML]{9B9B9B}}
                                                   & \cellcolor[HTML]{9B9B9B...
The control sequence at the end of the top line
of your error message was never \def'ed. If you have
misspelled it (e.g., `\hobx'), type `I' and the correct
spelling (e.g., `I\hbox'). Otherwise just continue,
and I'll forget about whatever was undefined.

Missing character: There is no [ in font nullfont!
Missing character: There is no H in font nullfont!
Missing character: There is no T in font nullfont!
Missing character: There is no M in font nullfont!
Missing character: There is no L in font nullfont!
Missing character: There is no ] in font nullfont!
Missing character: There is no 9 in font nullfont!
Missing character: There is no B in font nullfont!
Missing character: There is no 9 in font nullfont!
Missing character: There is no B in font nullfont!
Missing character: There is no 9 in font nullfont!
Missing character: There is no B in font nullfont!
! Undefined control sequence.
l.31 ...l|}{\cellcolor[HTML]{9B9B9B}} & \cellcolor
                                                  [HTML]{9B9B9B} & \multicol...
The control sequence at the end of the top line
of your error message was never \def'ed. If you have
misspelled it (e.g., `\hobx'), type `I' and the correct
spelling (e.g., `I\hbox'). Otherwise just continue,
and I'll forget about whatever was undefined.

Missing character: There is no [ in font nullfont!
Missing character: There is no H in font nullfont!
Missing character: There is no T in font nullfont!
Missing character: There is no M in font nullfont!
Missing character: There is no L in font nullfont!
Missing character: There is no ] in font nullfont!
Missing character: There is no 9 in font nullfont!
Missing character: There is no B in font nullfont!
Missing character: There is no 9 in font nullfont!
Missing character: There is no B in font nullfont!
Missing character: There is no 9 in font nullfont!
Missing character: There is no B in font nullfont!
! Undefined control sequence.
\@sharp ->\cellcolor 
                     [HTML]{9B9B9B}
l.31 ...lticolumn{1}{l|}{\cellcolor[HTML]{9B9B9B}}
                                                   & \multicolumn{1}{l|}{\ce...
The control sequence at the end of the top line
of your error message was never \def'ed. If you have
misspelled it (e.g., `\hobx'), type `I' and the correct
spelling (e.g., `I\hbox'). Otherwise just continue,
and I'll forget about whatever was undefined.

Missing character: There is no [ in font nullfont!
Missing character: There is no H in font nullfont!
Missing character: There is no T in font nullfont!
Missing character: There is no M in font nullfont!
Missing character: There is no L in font nullfont!
Missing character: There is no ] in font nullfont!
Missing character: There is no 9 in font nullfont!
Missing character: There is no B in font nullfont!
Missing character: There is no 9 in font nullfont!
Missing character: There is no B in font nullfont!
Missing character: There is no 9 in font nullfont!
Missing character: There is no B in font nullfont!
! Undefined control sequence.
\@sharp ->\cellcolor 
                     [HTML]{9B9B9B}
l.31 ...lticolumn{1}{l|}{\cellcolor[HTML]{9B9B9B}}
                                                   & \multicolumn{1}{l|}{\ce...
The control sequence at the end of the top line
of your error message was never \def'ed. If you have
misspelled it (e.g., `\hobx'), type `I' and the correct
spelling (e.g., `I\hbox'). Otherwise just continue,
and I'll forget about whatever was undefined.

Missing character: There is no [ in font nullfont!
Missing character: There is no H in font nullfont!
Missing character: There is no T in font nullfont!
Missing character: There is no M in font nullfont!
Missing character: There is no L in font nullfont!
Missing character: There is no ] in font nullfont!
Missing character: There is no 9 in font nullfont!
Missing character: There is no B in font nullfont!
Missing character: There is no 9 in font nullfont!
Missing character: There is no B in font nullfont!
Missing character: There is no 9 in font nullfont!
Missing character: There is no B in font nullfont!
! Undefined control sequence.
\@sharp ->\cellcolor 
                     [HTML]{9B9B9B}
l.31 ...lticolumn{1}{l|}{\cellcolor[HTML]{9B9B9B}}
                                                   & \cellcolor[HTML]{9B9B9B...
The control sequence at the end of the top line
of your error message was never \def'ed. If you have
misspelled it (e.g., `\hobx'), type `I' and the correct
spelling (e.g., `I\hbox'). Otherwise just continue,
and I'll forget about whatever was undefined.

Missing character: There is no [ in font nullfont!
Missing character: There is no H in font nullfont!
Missing character: There is no T in font nullfont!
Missing character: There is no M in font nullfont!
Missing character: There is no L in font nullfont!
Missing character: There is no ] in font nullfont!
Missing character: There is no 9 in font nullfont!
Missing character: There is no B in font nullfont!
Missing character: There is no 9 in font nullfont!
Missing character: There is no B in font nullfont!
Missing character: There is no 9 in font nullfont!
Missing character: There is no B in font nullfont!
! Undefined control sequence.
l.31 ...l|}{\cellcolor[HTML]{9B9B9B}} & \cellcolor
                                                  [HTML]{9B9B9B} \\ \hline
The control sequence at the end of the top line
of your error message was never \def'ed. If you have
misspelled it (e.g., `\hobx'), type `I' and the correct
spelling (e.g., `I\hbox'). Otherwise just continue,
and I'll forget about whatever was undefined.

Missing character: There is no [ in font nullfont!
Missing character: There is no H in font nullfont!
Missing character: There is no T in font nullfont!
Missing character: There is no M in font nullfont!
Missing character: There is no L in font nullfont!
Missing character: There is no ] in font nullfont!
Missing character: There is no 9 in font nullfont!
Missing character: There is no B in font nullfont!
Missing character: There is no 9 in font nullfont!
Missing character: There is no B in font nullfont!
Missing character: There is no 9 in font nullfont!
Missing character: There is no B in font nullfont!

! LaTeX Error: \begin{document} ended by \end{table}.

See the LaTeX manual or LaTeX Companion for explanation.
Type  H <return>  for immediate help.
 ...                                              
                                                  
l.33 \end{table}
                
Your command was ignored.
Type  I <command> <return>  to replace it with another command,
or  <return>  to continue without it.

)
! Emergency stop.
<*> ./MetodePenelitian.tex
                          
*** (job aborted, no legal \end found)

 
Here is how much of TeX's memory you used:
 27 strings out of 476431
 726 string characters out of 2778475
 1858793 words of memory out of 3000000
 20485 multiletter control sequences out of 15000+600000
 512595 words of font info for 33 fonts, out of 8000000 for 9000
 1141 hyphenation exceptions out of 8191
 19i,7n,15p,798b,133s stack positions out of 10000i,1000n,20000p,200000b,80000s
!  ==> Fatal error occurred, no output PDF file produced!
